<?xml version="1.0" encoding="UTF-8"?>
<coverage generated="1703935466493" clover="3.2.0">
  <project timestamp="1703935466493" name="All files">
    <metrics statements="56" coveredstatements="7" conditionals="40" coveredconditionals="6" methods="31" coveredmethods="5" elements="127" coveredelements="18" complexity="0" loc="56" ncloc="56" packages="5" files="14" classes="14"/>
    <package name="src">
      <metrics statements="2" coveredstatements="0" conditionals="0" coveredconditionals="0" methods="1" coveredmethods="0"/>
      <file name="App.jsx" path="D:\Away\Code\Coursera\Meta Frontend Certificate\Capstone project\Little Lemon\src\App.jsx">
        <metrics statements="1" coveredstatements="0" conditionals="0" coveredconditionals="0" methods="1" coveredmethods="0"/>
        <line num="6" count="0" type="stmt"/>
      </file>
      <file name="main.jsx" path="D:\Away\Code\Coursera\Meta Frontend Certificate\Capstone project\Little Lemon\src\main.jsx">
        <metrics statements="1" coveredstatements="0" conditionals="0" coveredconditionals="0" methods="0" coveredmethods="0"/>
        <line num="7" count="0" type="stmt"/>
      </file>
    </package>
    <package name="src.Components">
      <metrics statements="2" coveredstatements="1" conditionals="5" coveredconditionals="1" methods="2" coveredmethods="1"/>
      <file name="Button.jsx" path="D:\Away\Code\Coursera\Meta Frontend Certificate\Capstone project\Little Lemon\src\Components\Button.jsx">
        <metrics statements="1" coveredstatements="1" conditionals="2" coveredconditionals="1" methods="1" coveredmethods="1"/>
        <line num="5" count="3" type="stmt"/>
      </file>
      <file name="FoodCard.jsx" path="D:\Away\Code\Coursera\Meta Frontend Certificate\Capstone project\Little Lemon\src\Components\FoodCard.jsx">
        <metrics statements="1" coveredstatements="0" conditionals="3" coveredconditionals="0" methods="1" coveredmethods="0"/>
        <line num="11" count="0" type="stmt"/>
      </file>
    </package>
    <package name="src.Components.Booking">
      <metrics statements="24" coveredstatements="6" conditionals="12" coveredconditionals="5" methods="12" coveredmethods="4"/>
      <file name="BookingForm.jsx" path="D:\Away\Code\Coursera\Meta Frontend Certificate\Capstone project\Little Lemon\src\Components\Booking\BookingForm.jsx">
        <metrics statements="9" coveredstatements="5" conditionals="9" coveredconditionals="5" methods="8" coveredmethods="4"/>
        <line num="19" count="3" type="stmt"/>
        <line num="36" count="0" type="cond" truecount="0" falsecount="2"/>
        <line num="42" count="3" type="stmt"/>
        <line num="43" count="1" type="stmt"/>
        <line num="46" count="3" type="stmt"/>
        <line num="53" count="0" type="stmt"/>
        <line num="142" count="3" type="stmt"/>
        <line num="149" count="0" type="stmt"/>
        <line num="158" count="0" type="stmt"/>
      </file>
      <file name="BookingPage.jsx" path="D:\Away\Code\Coursera\Meta Frontend Certificate\Capstone project\Little Lemon\src\Components\Booking\BookingPage.jsx">
        <metrics statements="15" coveredstatements="1" conditionals="3" coveredconditionals="0" methods="4" coveredmethods="0"/>
        <line num="7" count="1" type="stmt"/>
        <line num="8" count="0" type="stmt"/>
        <line num="15" count="0" type="stmt"/>
        <line num="17" count="0" type="cond" truecount="0" falsecount="3"/>
        <line num="19" count="0" type="stmt"/>
        <line num="21" count="0" type="stmt"/>
        <line num="23" count="0" type="stmt"/>
        <line num="28" count="0" type="stmt"/>
        <line num="33" count="0" type="stmt"/>
        <line num="34" count="0" type="stmt"/>
        <line num="35" count="0" type="stmt"/>
        <line num="36" count="0" type="stmt"/>
        <line num="37" count="0" type="stmt"/>
        <line num="42" count="0" type="stmt"/>
        <line num="46" count="0" type="stmt"/>
      </file>
    </package>
    <package name="src.Components.Home">
      <metrics statements="19" coveredstatements="0" conditionals="21" coveredconditionals="0" methods="12" coveredmethods="0"/>
      <file name="AboutSection.jsx" path="D:\Away\Code\Coursera\Meta Frontend Certificate\Capstone project\Little Lemon\src\Components\Home\AboutSection.jsx">
        <metrics statements="1" coveredstatements="0" conditionals="0" coveredconditionals="0" methods="1" coveredmethods="0"/>
        <line num="4" count="0" type="stmt"/>
      </file>
      <file name="FoodSection.jsx" path="D:\Away\Code\Coursera\Meta Frontend Certificate\Capstone project\Little Lemon\src\Components\Home\FoodSection.jsx">
        <metrics statements="4" coveredstatements="0" conditionals="2" coveredconditionals="0" methods="2" coveredmethods="0"/>
        <line num="6" count="0" type="stmt"/>
        <line num="31" count="0" type="stmt"/>
        <line num="33" count="0" type="stmt"/>
        <line num="45" count="0" type="stmt"/>
      </file>
      <file name="Footer.jsx" path="D:\Away\Code\Coursera\Meta Frontend Certificate\Capstone project\Little Lemon\src\Components\Home\Footer.jsx">
        <metrics statements="1" coveredstatements="0" conditionals="0" coveredconditionals="0" methods="1" coveredmethods="0"/>
        <line num="4" count="0" type="stmt"/>
      </file>
      <file name="Header.jsx" path="D:\Away\Code\Coursera\Meta Frontend Certificate\Capstone project\Little Lemon\src\Components\Home\Header.jsx">
        <metrics statements="4" coveredstatements="0" conditionals="11" coveredconditionals="0" methods="3" coveredmethods="0"/>
        <line num="7" count="0" type="stmt"/>
        <line num="8" count="0" type="stmt"/>
        <line num="10" count="0" type="stmt"/>
        <line num="22" count="0" type="stmt"/>
      </file>
      <file name="HeroSection.jsx" path="D:\Away\Code\Coursera\Meta Frontend Certificate\Capstone project\Little Lemon\src\Components\Home\HeroSection.jsx">
        <metrics statements="4" coveredstatements="0" conditionals="8" coveredconditionals="0" methods="1" coveredmethods="0"/>
        <line num="7" count="0" type="stmt"/>
        <line num="8" count="0" type="stmt"/>
        <line num="9" count="0" type="stmt"/>
        <line num="11" count="0" type="stmt"/>
      </file>
      <file name="Homepage.jsx" path="D:\Away\Code\Coursera\Meta Frontend Certificate\Capstone project\Little Lemon\src\Components\Home\Homepage.jsx">
        <metrics statements="1" coveredstatements="0" conditionals="0" coveredconditionals="0" methods="1" coveredmethods="0"/>
        <line num="9" count="0" type="stmt"/>
      </file>
      <file name="TestimonySection.jsx" path="D:\Away\Code\Coursera\Meta Frontend Certificate\Capstone project\Little Lemon\src\Components\Home\TestimonySection.jsx">
        <metrics statements="4" coveredstatements="0" conditionals="0" coveredconditionals="0" methods="3" coveredmethods="0"/>
        <line num="4" count="0" type="stmt"/>
        <line num="28" count="0" type="stmt"/>
        <line num="34" count="0" type="stmt"/>
        <line num="49" count="0" type="stmt"/>
      </file>
    </package>
    <package name="src.hooks">
      <metrics statements="9" coveredstatements="0" conditionals="2" coveredconditionals="0" methods="4" coveredmethods="0"/>
      <file name="useMediaQuery.js" path="D:\Away\Code\Coursera\Meta Frontend Certificate\Capstone project\Little Lemon\src\hooks\useMediaQuery.js">
        <metrics statements="9" coveredstatements="0" conditionals="2" coveredconditionals="0" methods="4" coveredmethods="0"/>
        <line num="5" count="0" type="stmt"/>
        <line num="7" count="0" type="stmt"/>
        <line num="9" count="0" type="stmt"/>
        <line num="10" count="0" type="stmt"/>
        <line num="13" count="0" type="stmt"/>
        <line num="16" count="0" type="stmt"/>
        <line num="17" count="0" type="stmt"/>
        <line num="21" count="0" type="cond" truecount="0" falsecount="2"/>
        <line num="23" count="0" type="stmt"/>
      </file>
    </package>
  </project>
</coverage>
