{"D:\\Away\\Code\\Coursera\\Meta Frontend Certificate\\Capstone project\\Little Lemon\\src\\App.jsx": {"path":"D:\\Away\\Code\\Coursera\\Meta Frontend Certificate\\Capstone project\\Little Lemon\\src\\App.jsx","statementMap":{"0":{"start":{"line":6,"column":2},"end":{"line":15,"column":4}}},"fnMap":{"0":{"name":"App","decl":{"start":{"line":5,"column":9},"end":{"line":5,"column":12}},"loc":{"start":{"line":5,"column":15},"end":{"line":16,"column":1}},"line":5}},"branchMap":{},"s":{"0":0},"f":{"0":0},"b":{}}
,"D:\\Away\\Code\\Coursera\\Meta Frontend Certificate\\Capstone project\\Little Lemon\\src\\main.jsx": {"path":"D:\\Away\\Code\\Coursera\\Meta Frontend Certificate\\Capstone project\\Little Lemon\\src\\main.jsx","statementMap":{"0":{"start":{"line":7,"column":0},"end":{"line":13,"column":2}}},"fnMap":{},"branchMap":{},"s":{"0":0},"f":{},"b":{}}
,"D:\\Away\\Code\\Coursera\\Meta Frontend Certificate\\Capstone project\\Little Lemon\\src\\Components\\Button.jsx": {"path":"D:\\Away\\Code\\Coursera\\Meta Frontend Certificate\\Capstone project\\Little Lemon\\src\\Components\\Button.jsx","statementMap":{"0":{"start":{"line":5,"column":2},"end":{"line":13,"column":4}}},"fnMap":{"0":{"name":"Button","decl":{"start":{"line":4,"column":9},"end":{"line":4,"column":15}},"loc":{"start":{"line":4,"column":70},"end":{"line":14,"column":1}},"line":4}},"branchMap":{"0":{"loc":{"start":{"line":4,"column":28},"end":{"line":4,"column":44}},"type":"default-arg","locations":[{"start":{"line":4,"column":38},"end":{"line":4,"column":44}}],"line":4},"1":{"loc":{"start":{"line":4,"column":46},"end":{"line":4,"column":60}},"type":"default-arg","locations":[{"start":{"line":4,"column":54},"end":{"line":4,"column":60}}],"line":4}},"s":{"0":3},"f":{"0":3},"b":{"0":[3],"1":[0]},"_coverageSchema":"1a1c01bbd47fc00a2c39e90264f33305004495a9","hash":"1064d7bf95cf2d4e57d52da1c9044f07faae2b68"}
,"D:\\Away\\Code\\Coursera\\Meta Frontend Certificate\\Capstone project\\Little Lemon\\src\\Components\\FoodCard.jsx": {"path":"D:\\Away\\Code\\Coursera\\Meta Frontend Certificate\\Capstone project\\Little Lemon\\src\\Components\\FoodCard.jsx","statementMap":{"0":{"start":{"line":11,"column":2},"end":{"line":49,"column":4}}},"fnMap":{"0":{"name":"FoodCard","decl":{"start":{"line":5,"column":9},"end":{"line":5,"column":17}},"loc":{"start":{"line":10,"column":3},"end":{"line":50,"column":1}},"line":10}},"branchMap":{"0":{"loc":{"start":{"line":6,"column":2},"end":{"line":6,"column":15}},"type":"default-arg","locations":[{"start":{"line":6,"column":9},"end":{"line":6,"column":15}}],"line":6},"1":{"loc":{"start":{"line":7,"column":2},"end":{"line":7,"column":17}},"type":"default-arg","locations":[{"start":{"line":7,"column":10},"end":{"line":7,"column":17}}],"line":7},"2":{"loc":{"start":{"line":8,"column":2},"end":{"line":8,"column":22}},"type":"default-arg","locations":[{"start":{"line":8,"column":16},"end":{"line":8,"column":22}}],"line":8}},"s":{"0":0},"f":{"0":0},"b":{"0":[0],"1":[0],"2":[0]}}
,"D:\\Away\\Code\\Coursera\\Meta Frontend Certificate\\Capstone project\\Little Lemon\\src\\Components\\Booking\\BookingForm.jsx": {"path":"D:\\Away\\Code\\Coursera\\Meta Frontend Certificate\\Capstone project\\Little Lemon\\src\\Components\\Booking\\BookingForm.jsx","statementMap":{"0":{"start":{"line":19,"column":15},"end":{"line":40,"column":4}},"1":{"start":{"line":36,"column":8},"end":{"line":38,"column":16}},"2":{"start":{"line":42,"column":2},"end":{"line":44,"column":38}},"3":{"start":{"line":43,"column":4},"end":{"line":43,"column":34}},"4":{"start":{"line":46,"column":2},"end":{"line":137,"column":4}},"5":{"start":{"line":53,"column":43},"end":{"line":53,"column":59}},"6":{"start":{"line":142,"column":2},"end":{"line":167,"column":4}},"7":{"start":{"line":149,"column":27},"end":{"line":149,"column":54}},"8":{"start":{"line":158,"column":27},"end":{"line":158,"column":53}}},"fnMap":{"0":{"name":"BookingForm","decl":{"start":{"line":18,"column":9},"end":{"line":18,"column":20}},"loc":{"start":{"line":18,"column":65},"end":{"line":138,"column":1}},"line":18},"1":{"name":"(anonymous_1)","decl":{"start":{"line":18,"column":53},"end":{"line":18,"column":54}},"loc":{"start":{"line":18,"column":59},"end":{"line":18,"column":61}},"line":18},"2":{"name":"(anonymous_2)","decl":{"start":{"line":35,"column":15},"end":{"line":35,"column":16}},"loc":{"start":{"line":36,"column":8},"end":{"line":38,"column":16}},"line":36},"3":{"name":"(anonymous_3)","decl":{"start":{"line":42,"column":12},"end":{"line":42,"column":13}},"loc":{"start":{"line":42,"column":18},"end":{"line":44,"column":3}},"line":42},"4":{"name":"(anonymous_4)","decl":{"start":{"line":53,"column":34},"end":{"line":53,"column":35}},"loc":{"start":{"line":53,"column":43},"end":{"line":53,"column":59}},"line":53},"5":{"name":"TermsCheckbox","decl":{"start":{"line":141,"column":9},"end":{"line":141,"column":22}},"loc":{"start":{"line":141,"column":47},"end":{"line":168,"column":1}},"line":141},"6":{"name":"(anonymous_6)","decl":{"start":{"line":149,"column":21},"end":{"line":149,"column":22}},"loc":{"start":{"line":149,"column":27},"end":{"line":149,"column":54}},"line":149},"7":{"name":"(anonymous_7)","decl":{"start":{"line":158,"column":21},"end":{"line":158,"column":22}},"loc":{"start":{"line":158,"column":27},"end":{"line":158,"column":53}},"line":158}},"branchMap":{"0":{"loc":{"start":{"line":18,"column":39},"end":{"line":18,"column":61}},"type":"default-arg","locations":[{"start":{"line":18,"column":53},"end":{"line":18,"column":61}}],"line":18},"1":{"loc":{"start":{"line":32,"column":8},"end":{"line":33,"column":68}},"type":"binary-expr","locations":[{"start":{"line":32,"column":8},"end":{"line":32,"column":65}},{"start":{"line":33,"column":8},"end":{"line":33,"column":68}}],"line":32},"2":{"loc":{"start":{"line":36,"column":8},"end":{"line":38,"column":16}},"type":"cond-expr","locations":[{"start":{"line":37,"column":12},"end":{"line":37,"column":88}},{"start":{"line":38,"column":12},"end":{"line":38,"column":16}}],"line":36},"3":{"loc":{"start":{"line":131,"column":11},"end":{"line":133,"column":18}},"type":"cond-expr","locations":[{"start":{"line":132,"column":12},"end":{"line":132,"column":65}},{"start":{"line":133,"column":14},"end":{"line":133,"column":18}}],"line":131},"4":{"loc":{"start":{"line":146,"column":9},"end":{"line":164,"column":9}},"type":"cond-expr","locations":[{"start":{"line":147,"column":10},"end":{"line":154,"column":16}},{"start":{"line":156,"column":10},"end":{"line":163,"column":16}}],"line":146}},"s":{"0":3,"1":0,"2":3,"3":1,"4":3,"5":0,"6":3,"7":0,"8":0},"f":{"0":3,"1":1,"2":0,"3":1,"4":0,"5":3,"6":0,"7":0},"b":{"0":[3],"1":[3,3],"2":[0,0],"3":[0,3],"4":[0,3]},"_coverageSchema":"1a1c01bbd47fc00a2c39e90264f33305004495a9","hash":"b36fe5e79f4fe8933ae6ae3d95af08fe0eaf8082"}
,"D:\\Away\\Code\\Coursera\\Meta Frontend Certificate\\Capstone project\\Little Lemon\\src\\Components\\Booking\\BookingPage.jsx": {"path":"D:\\Away\\Code\\Coursera\\Meta Frontend Certificate\\Capstone project\\Little Lemon\\src\\Components\\Booking\\BookingPage.jsx","statementMap":{"0":{"start":{"line":7,"column":24},"end":{"line":12,"column":1}},"1":{"start":{"line":8,"column":2},"end":{"line":11,"column":4}},"2":{"start":{"line":15,"column":28},"end":{"line":15,"column":34}},"3":{"start":{"line":17,"column":2},"end":{"line":24,"column":3}},"4":{"start":{"line":19,"column":6},"end":{"line":19,"column":43}},"5":{"start":{"line":21,"column":6},"end":{"line":21,"column":51}},"6":{"start":{"line":23,"column":6},"end":{"line":23,"column":19}},"7":{"start":{"line":28,"column":52},"end":{"line":31,"column":3}},"8":{"start":{"line":33,"column":22},"end":{"line":44,"column":8}},"9":{"start":{"line":34,"column":4},"end":{"line":34,"column":34}},"10":{"start":{"line":35,"column":4},"end":{"line":43,"column":5}},"11":{"start":{"line":36,"column":6},"end":{"line":36,"column":24}},"12":{"start":{"line":37,"column":6},"end":{"line":40,"column":9}},"13":{"start":{"line":42,"column":6},"end":{"line":42,"column":27}},"14":{"start":{"line":46,"column":2},"end":{"line":57,"column":4}}},"fnMap":{"0":{"name":"(anonymous_0)","decl":{"start":{"line":7,"column":24},"end":{"line":7,"column":25}},"loc":{"start":{"line":7,"column":30},"end":{"line":12,"column":1}},"line":7},"1":{"name":"reducer","decl":{"start":{"line":14,"column":9},"end":{"line":14,"column":16}},"loc":{"start":{"line":14,"column":32},"end":{"line":25,"column":1}},"line":14},"2":{"name":"BookingPage","decl":{"start":{"line":27,"column":9},"end":{"line":27,"column":20}},"loc":{"start":{"line":27,"column":23},"end":{"line":58,"column":1}},"line":27},"3":{"name":"(anonymous_3)","decl":{"start":{"line":33,"column":34},"end":{"line":33,"column":35}},"loc":{"start":{"line":33,"column":44},"end":{"line":44,"column":3}},"line":33}},"branchMap":{"0":{"loc":{"start":{"line":17,"column":2},"end":{"line":24,"column":3}},"type":"switch","locations":[{"start":{"line":18,"column":4},"end":{"line":19,"column":43}},{"start":{"line":20,"column":4},"end":{"line":21,"column":51}},{"start":{"line":22,"column":4},"end":{"line":23,"column":19}}],"line":17}},"s":{"0":1,"1":0,"2":0,"3":0,"4":0,"5":0,"6":0,"7":0,"8":0,"9":0,"10":0,"11":0,"12":0,"13":0,"14":0},"f":{"0":0,"1":0,"2":0,"3":0},"b":{"0":[0,0,0]},"_coverageSchema":"1a1c01bbd47fc00a2c39e90264f33305004495a9","hash":"29554cc2e9ef8d4cca122003ef57d4b5a1f5597a"}
,"D:\\Away\\Code\\Coursera\\Meta Frontend Certificate\\Capstone project\\Little Lemon\\src\\Components\\Home\\AboutSection.jsx": {"path":"D:\\Away\\Code\\Coursera\\Meta Frontend Certificate\\Capstone project\\Little Lemon\\src\\Components\\Home\\AboutSection.jsx","statementMap":{"0":{"start":{"line":4,"column":2},"end":{"line":26,"column":4}}},"fnMap":{"0":{"name":"AboutSection","decl":{"start":{"line":3,"column":9},"end":{"line":3,"column":21}},"loc":{"start":{"line":3,"column":24},"end":{"line":27,"column":1}},"line":3}},"branchMap":{},"s":{"0":0},"f":{"0":0},"b":{}}
,"D:\\Away\\Code\\Coursera\\Meta Frontend Certificate\\Capstone project\\Little Lemon\\src\\Components\\Home\\FoodSection.jsx": {"path":"D:\\Away\\Code\\Coursera\\Meta Frontend Certificate\\Capstone project\\Little Lemon\\src\\Components\\Home\\FoodSection.jsx","statementMap":{"0":{"start":{"line":6,"column":17},"end":{"line":28,"column":1}},"1":{"start":{"line":31,"column":19},"end":{"line":31,"column":53}},"2":{"start":{"line":33,"column":2},"end":{"line":58,"column":4}},"3":{"start":{"line":45,"column":12},"end":{"line":53,"column":14}}},"fnMap":{"0":{"name":"FoodSection","decl":{"start":{"line":30,"column":9},"end":{"line":30,"column":20}},"loc":{"start":{"line":30,"column":23},"end":{"line":59,"column":1}},"line":30},"1":{"name":"(anonymous_1)","decl":{"start":{"line":44,"column":24},"end":{"line":44,"column":25}},"loc":{"start":{"line":44,"column":34},"end":{"line":54,"column":11}},"line":44}},"branchMap":{"0":{"loc":{"start":{"line":36,"column":9},"end":{"line":41,"column":9}},"type":"binary-expr","locations":[{"start":{"line":36,"column":9},"end":{"line":36,"column":18}},{"start":{"line":37,"column":10},"end":{"line":40,"column":16}}],"line":36}},"s":{"0":0,"1":0,"2":0,"3":0},"f":{"0":0,"1":0},"b":{"0":[0,0]}}
,"D:\\Away\\Code\\Coursera\\Meta Frontend Certificate\\Capstone project\\Little Lemon\\src\\Components\\Home\\Footer.jsx": {"path":"D:\\Away\\Code\\Coursera\\Meta Frontend Certificate\\Capstone project\\Little Lemon\\src\\Components\\Home\\Footer.jsx","statementMap":{"0":{"start":{"line":4,"column":2},"end":{"line":66,"column":4}}},"fnMap":{"0":{"name":"Footer","decl":{"start":{"line":3,"column":9},"end":{"line":3,"column":15}},"loc":{"start":{"line":3,"column":18},"end":{"line":67,"column":1}},"line":3}},"branchMap":{},"s":{"0":0},"f":{"0":0},"b":{},"_coverageSchema":"1a1c01bbd47fc00a2c39e90264f33305004495a9","hash":"278c281b939af0df03d7839366f1c7af8278a760"}
,"D:\\Away\\Code\\Coursera\\Meta Frontend Certificate\\Capstone project\\Little Lemon\\src\\Components\\Home\\Header.jsx": {"path":"D:\\Away\\Code\\Coursera\\Meta Frontend Certificate\\Capstone project\\Little Lemon\\src\\Components\\Home\\Header.jsx","statementMap":{"0":{"start":{"line":7,"column":19},"end":{"line":7,"column":53}},"1":{"start":{"line":8,"column":30},"end":{"line":8,"column":45}},"2":{"start":{"line":10,"column":2},"end":{"line":114,"column":4}},"3":{"start":{"line":22,"column":29},"end":{"line":22,"column":53}},"4":{"start":{"line":22,"column":48},"end":{"line":22,"column":52}}},"fnMap":{"0":{"name":"Header","decl":{"start":{"line":6,"column":9},"end":{"line":6,"column":15}},"loc":{"start":{"line":6,"column":18},"end":{"line":115,"column":1}},"line":6},"1":{"name":"(anonymous_1)","decl":{"start":{"line":22,"column":23},"end":{"line":22,"column":24}},"loc":{"start":{"line":22,"column":29},"end":{"line":22,"column":53}},"line":22},"2":{"name":"(anonymous_2)","decl":{"start":{"line":22,"column":39},"end":{"line":22,"column":40}},"loc":{"start":{"line":22,"column":48},"end":{"line":22,"column":52}},"line":22}},"branchMap":{"0":{"loc":{"start":{"line":14,"column":11},"end":{"line":28,"column":11}},"type":"binary-expr","locations":[{"start":{"line":14,"column":11},"end":{"line":14,"column":19}},{"start":{"line":15,"column":12},"end":{"line":27,"column":18}}],"line":14},"1":{"loc":{"start":{"line":17,"column":16},"end":{"line":19,"column":41}},"type":"cond-expr","locations":[{"start":{"line":18,"column":20},"end":{"line":18,"column":71}},{"start":{"line":19,"column":20},"end":{"line":19,"column":41}}],"line":17},"2":{"loc":{"start":{"line":34,"column":11},"end":{"line":73,"column":11}},"type":"cond-expr","locations":[{"start":{"line":35,"column":12},"end":{"line":37,"column":16}},{"start":{"line":39,"column":12},"end":{"line":72,"column":18}}],"line":34},"3":{"loc":{"start":{"line":40,"column":29},"end":{"line":40,"column":71}},"type":"cond-expr","locations":[{"start":{"line":40,"column":40},"end":{"line":40,"column":57}},{"start":{"line":40,"column":60},"end":{"line":40,"column":71}}],"line":40},"4":{"loc":{"start":{"line":76,"column":9},"end":{"line":111,"column":9}},"type":"binary-expr","locations":[{"start":{"line":76,"column":9},"end":{"line":76,"column":17}},{"start":{"line":76,"column":21},"end":{"line":76,"column":27}},{"start":{"line":77,"column":10},"end":{"line":110,"column":16}}],"line":76}},"s":{"0":0,"1":0,"2":0,"3":0,"4":0},"f":{"0":0,"1":0,"2":0},"b":{"0":[0,0],"1":[0,0],"2":[0,0],"3":[0,0],"4":[0,0,0]},"_coverageSchema":"1a1c01bbd47fc00a2c39e90264f33305004495a9","hash":"01a8e2335a5b5868db6c3d5448d1825cd5d052b8"}
,"D:\\Away\\Code\\Coursera\\Meta Frontend Certificate\\Capstone project\\Little Lemon\\src\\Components\\Home\\HeroSection.jsx": {"path":"D:\\Away\\Code\\Coursera\\Meta Frontend Certificate\\Capstone project\\Little Lemon\\src\\Components\\Home\\HeroSection.jsx","statementMap":{"0":{"start":{"line":7,"column":19},"end":{"line":7,"column":53}},"1":{"start":{"line":8,"column":23},"end":{"line":8,"column":36}},"2":{"start":{"line":9,"column":17},"end":{"line":9,"column":33}},"3":{"start":{"line":11,"column":2},"end":{"line":42,"column":4}}},"fnMap":{"0":{"name":"HeroSection","decl":{"start":{"line":6,"column":9},"end":{"line":6,"column":20}},"loc":{"start":{"line":6,"column":23},"end":{"line":43,"column":1}},"line":6}},"branchMap":{"0":{"loc":{"start":{"line":23,"column":11},"end":{"line":32,"column":11}},"type":"binary-expr","locations":[{"start":{"line":23,"column":11},"end":{"line":23,"column":17}},{"start":{"line":24,"column":12},"end":{"line":31,"column":19}}],"line":23},"1":{"loc":{"start":{"line":26,"column":25},"end":{"line":26,"column":50}},"type":"cond-expr","locations":[{"start":{"line":26,"column":36},"end":{"line":26,"column":41}},{"start":{"line":26,"column":44},"end":{"line":26,"column":50}}],"line":26},"2":{"loc":{"start":{"line":27,"column":23},"end":{"line":27,"column":48}},"type":"cond-expr","locations":[{"start":{"line":27,"column":34},"end":{"line":27,"column":38}},{"start":{"line":27,"column":41},"end":{"line":27,"column":48}}],"line":27},"3":{"loc":{"start":{"line":37,"column":23},"end":{"line":37,"column":68}},"type":"cond-expr","locations":[{"start":{"line":37,"column":32},"end":{"line":37,"column":47}},{"start":{"line":37,"column":50},"end":{"line":37,"column":68}}],"line":37}},"s":{"0":0,"1":0,"2":0,"3":0},"f":{"0":0},"b":{"0":[0,0],"1":[0,0],"2":[0,0],"3":[0,0]},"_coverageSchema":"1a1c01bbd47fc00a2c39e90264f33305004495a9","hash":"a8d580cbf6dcd359d99ef075a4d46c4620c38926"}
,"D:\\Away\\Code\\Coursera\\Meta Frontend Certificate\\Capstone project\\Little Lemon\\src\\Components\\Home\\Homepage.jsx": {"path":"D:\\Away\\Code\\Coursera\\Meta Frontend Certificate\\Capstone project\\Little Lemon\\src\\Components\\Home\\Homepage.jsx","statementMap":{"0":{"start":{"line":9,"column":2},"end":{"line":18,"column":4}}},"fnMap":{"0":{"name":"Homepage","decl":{"start":{"line":8,"column":9},"end":{"line":8,"column":17}},"loc":{"start":{"line":8,"column":20},"end":{"line":19,"column":1}},"line":8}},"branchMap":{},"s":{"0":0},"f":{"0":0},"b":{}}
,"D:\\Away\\Code\\Coursera\\Meta Frontend Certificate\\Capstone project\\Little Lemon\\src\\Components\\Home\\TestimonySection.jsx": {"path":"D:\\Away\\Code\\Coursera\\Meta Frontend Certificate\\Capstone project\\Little Lemon\\src\\Components\\Home\\TestimonySection.jsx","statementMap":{"0":{"start":{"line":4,"column":19},"end":{"line":25,"column":1}},"1":{"start":{"line":28,"column":2},"end":{"line":45,"column":4}},"2":{"start":{"line":34,"column":10},"end":{"line":41,"column":12}},"3":{"start":{"line":49,"column":2},"end":{"line":100,"column":4}}},"fnMap":{"0":{"name":"TestimonySection","decl":{"start":{"line":27,"column":9},"end":{"line":27,"column":25}},"loc":{"start":{"line":27,"column":28},"end":{"line":46,"column":1}},"line":27},"1":{"name":"(anonymous_1)","decl":{"start":{"line":33,"column":24},"end":{"line":33,"column":25}},"loc":{"start":{"line":33,"column":36},"end":{"line":42,"column":9}},"line":33},"2":{"name":"TestimonyCard","decl":{"start":{"line":48,"column":9},"end":{"line":48,"column":22}},"loc":{"start":{"line":48,"column":46},"end":{"line":101,"column":1}},"line":48}},"branchMap":{},"s":{"0":0,"1":0,"2":0,"3":0},"f":{"0":0,"1":0,"2":0},"b":{}}
,"D:\\Away\\Code\\Coursera\\Meta Frontend Certificate\\Capstone project\\Little Lemon\\src\\hooks\\useMediaQuery.js": {"path":"D:\\Away\\Code\\Coursera\\Meta Frontend Certificate\\Capstone project\\Little Lemon\\src\\hooks\\useMediaQuery.js","statementMap":{"0":{"start":{"line":5,"column":28},"end":{"line":5,"column":70}},"1":{"start":{"line":7,"column":2},"end":{"line":19,"column":9}},"2":{"start":{"line":9,"column":25},"end":{"line":11,"column":5}},"3":{"start":{"line":10,"column":6},"end":{"line":10,"column":64}},"4":{"start":{"line":13,"column":4},"end":{"line":13,"column":52}},"5":{"start":{"line":16,"column":4},"end":{"line":18,"column":6}},"6":{"start":{"line":17,"column":6},"end":{"line":17,"column":57}},"7":{"start":{"line":21,"column":2},"end":{"line":21,"column":52}},"8":{"start":{"line":21,"column":14},"end":{"line":21,"column":52}},"9":{"start":{"line":23,"column":2},"end":{"line":23,"column":15}}},"fnMap":{"0":{"name":"useMediaQuery","decl":{"start":{"line":4,"column":9},"end":{"line":4,"column":22}},"loc":{"start":{"line":4,"column":30},"end":{"line":24,"column":1}},"line":4},"1":{"name":"(anonymous_1)","decl":{"start":{"line":7,"column":12},"end":{"line":7,"column":13}},"loc":{"start":{"line":7,"column":18},"end":{"line":19,"column":3}},"line":7},"2":{"name":"(anonymous_2)","decl":{"start":{"line":9,"column":25},"end":{"line":9,"column":26}},"loc":{"start":{"line":9,"column":31},"end":{"line":11,"column":5}},"line":9},"3":{"name":"(anonymous_3)","decl":{"start":{"line":16,"column":11},"end":{"line":16,"column":12}},"loc":{"start":{"line":16,"column":17},"end":{"line":18,"column":5}},"line":16}},"branchMap":{"0":{"loc":{"start":{"line":21,"column":2},"end":{"line":21,"column":52}},"type":"if","locations":[{"start":{"line":21,"column":2},"end":{"line":21,"column":52}},{"start":{},"end":{}}],"line":21}},"s":{"0":0,"1":0,"2":0,"3":0,"4":0,"5":0,"6":0,"7":0,"8":0,"9":0},"f":{"0":0,"1":0,"2":0,"3":0},"b":{"0":[0,0]},"_coverageSchema":"1a1c01bbd47fc00a2c39e90264f33305004495a9","hash":"f045451abcf9473c730d64a15d1535b534e6356c"}
}
