TN:
SF:src\App.jsx
FN:5,App
FNF:1
FNH:0
FNDA:0,App
DA:6,0
LF:1
LH:0
BRF:0
BRH:0
end_of_record
TN:
SF:src\main.jsx
FNF:0
FNH:0
DA:7,0
LF:1
LH:0
BRF:0
BRH:0
end_of_record
TN:
SF:src\Components\Button.jsx
FN:4,Button
FNF:1
FNH:1
FNDA:3,Button
DA:5,3
LF:1
LH:1
BRDA:4,0,0,3
BRDA:4,1,0,0
BRF:2
BRH:1
end_of_record
TN:
SF:src\Components\FoodCard.jsx
FN:5,FoodCard
FNF:1
FNH:0
FNDA:0,FoodCard
DA:11,0
LF:1
LH:0
BRDA:6,0,0,0
BRDA:7,1,0,0
BRDA:8,2,0,0
BRF:3
BRH:0
end_of_record
TN:
SF:src\Components\Booking\BookingForm.jsx
FN:18,BookingForm
FN:18,(anonymous_1)
FN:35,(anonymous_2)
FN:42,(anonymous_3)
FN:53,(anonymous_4)
FN:141,TermsCheckbox
FN:149,(anonymous_6)
FN:158,(anonymous_7)
FNF:8
FNH:4
FNDA:3,BookingForm
FNDA:1,(anonymous_1)
FNDA:0,(anonymous_2)
FNDA:1,(anonymous_3)
FNDA:0,(anonymous_4)
FNDA:3,TermsCheckbox
FNDA:0,(anonymous_6)
FNDA:0,(anonymous_7)
DA:19,3
DA:36,0
DA:42,3
DA:43,1
DA:46,3
DA:53,0
DA:142,3
DA:149,0
DA:158,0
LF:9
LH:5
BRDA:18,0,0,3
BRDA:32,1,0,3
BRDA:32,1,1,3
BRDA:36,2,0,0
BRDA:36,2,1,0
BRDA:131,3,0,0
BRDA:131,3,1,3
BRDA:146,4,0,0
BRDA:146,4,1,3
BRF:9
BRH:5
end_of_record
TN:
SF:src\Components\Booking\BookingPage.jsx
FN:7,(anonymous_0)
FN:14,reducer
FN:27,BookingPage
FN:33,(anonymous_3)
FNF:4
FNH:0
FNDA:0,(anonymous_0)
FNDA:0,reducer
FNDA:0,BookingPage
FNDA:0,(anonymous_3)
DA:7,1
DA:8,0
DA:15,0
DA:17,0
DA:19,0
DA:21,0
DA:23,0
DA:28,0
DA:33,0
DA:34,0
DA:35,0
DA:36,0
DA:37,0
DA:42,0
DA:46,0
LF:15
LH:1
BRDA:17,0,0,0
BRDA:17,0,1,0
BRDA:17,0,2,0
BRF:3
BRH:0
end_of_record
TN:
SF:src\Components\Home\AboutSection.jsx
FN:3,AboutSection
FNF:1
FNH:0
FNDA:0,AboutSection
DA:4,0
LF:1
LH:0
BRF:0
BRH:0
end_of_record
TN:
SF:src\Components\Home\FoodSection.jsx
FN:30,FoodSection
FN:44,(anonymous_1)
FNF:2
FNH:0
FNDA:0,FoodSection
FNDA:0,(anonymous_1)
DA:6,0
DA:31,0
DA:33,0
DA:45,0
LF:4
LH:0
BRDA:36,0,0,0
BRDA:36,0,1,0
BRF:2
BRH:0
end_of_record
TN:
SF:src\Components\Home\Footer.jsx
FN:3,Footer
FNF:1
FNH:0
FNDA:0,Footer
DA:4,0
LF:1
LH:0
BRF:0
BRH:0
end_of_record
TN:
SF:src\Components\Home\Header.jsx
FN:6,Header
FN:22,(anonymous_1)
FN:22,(anonymous_2)
FNF:3
FNH:0
FNDA:0,Header
FNDA:0,(anonymous_1)
FNDA:0,(anonymous_2)
DA:7,0
DA:8,0
DA:10,0
DA:22,0
LF:4
LH:0
BRDA:14,0,0,0
BRDA:14,0,1,0
BRDA:17,1,0,0
BRDA:17,1,1,0
BRDA:34,2,0,0
BRDA:34,2,1,0
BRDA:40,3,0,0
BRDA:40,3,1,0
BRDA:76,4,0,0
BRDA:76,4,1,0
BRDA:76,4,2,0
BRF:11
BRH:0
end_of_record
TN:
SF:src\Components\Home\HeroSection.jsx
FN:6,HeroSection
FNF:1
FNH:0
FNDA:0,HeroSection
DA:7,0
DA:8,0
DA:9,0
DA:11,0
LF:4
LH:0
BRDA:23,0,0,0
BRDA:23,0,1,0
BRDA:26,1,0,0
BRDA:26,1,1,0
BRDA:27,2,0,0
BRDA:27,2,1,0
BRDA:37,3,0,0
BRDA:37,3,1,0
BRF:8
BRH:0
end_of_record
TN:
SF:src\Components\Home\Homepage.jsx
FN:8,Homepage
FNF:1
FNH:0
FNDA:0,Homepage
DA:9,0
LF:1
LH:0
BRF:0
BRH:0
end_of_record
TN:
SF:src\Components\Home\TestimonySection.jsx
FN:27,TestimonySection
FN:33,(anonymous_1)
FN:48,TestimonyCard
FNF:3
FNH:0
FNDA:0,TestimonySection
FNDA:0,(anonymous_1)
FNDA:0,TestimonyCard
DA:4,0
DA:28,0
DA:34,0
DA:49,0
LF:4
LH:0
BRF:0
BRH:0
end_of_record
TN:
SF:src\hooks\useMediaQuery.js
FN:4,useMediaQuery
FN:7,(anonymous_1)
FN:9,(anonymous_2)
FN:16,(anonymous_3)
FNF:4
FNH:0
FNDA:0,useMediaQuery
FNDA:0,(anonymous_1)
FNDA:0,(anonymous_2)
FNDA:0,(anonymous_3)
DA:5,0
DA:7,0
DA:9,0
DA:10,0
DA:13,0
DA:16,0
DA:17,0
DA:21,0
DA:23,0
LF:9
LH:0
BRDA:21,0,0,0
BRDA:21,0,1,0
BRF:2
BRH:0
end_of_record
